[2022-09-07 11:26:44,871] INFO Reading configuration from: ./zookeeper.properties (org.apache.zookeeper.server.quorum.QuorumPeerConfig)
[2022-09-07 11:26:44,881] INFO clientPortAddress is 0.0.0.0:2181 (org.apache.zookeeper.server.quorum.QuorumPeerConfig)
[2022-09-07 11:26:44,881] INFO secureClientPort is not set (org.apache.zookeeper.server.quorum.QuorumPeerConfig)
[2022-09-07 11:26:44,884] INFO autopurge.snapRetainCount set to 3 (org.apache.zookeeper.server.DatadirCleanupManager)
[2022-09-07 11:26:44,884] INFO autopurge.purgeInterval set to 0 (org.apache.zookeeper.server.DatadirCleanupManager)
[2022-09-07 11:26:44,884] INFO Purge task is not scheduled. (org.apache.zookeeper.server.DatadirCleanupManager)
[2022-09-07 11:26:44,884] WARN Either no config or no quorum defined in config, running  in standalone mode (org.apache.zookeeper.server.quorum.QuorumPeerMain)
[2022-09-07 11:26:44,891] INFO Log4j 1.2 jmx support found and enabled. (org.apache.zookeeper.jmx.ManagedUtil)
[2022-09-07 11:26:44,906] INFO Reading configuration from: ./zookeeper.properties (org.apache.zookeeper.server.quorum.QuorumPeerConfig)
[2022-09-07 11:26:44,906] INFO clientPortAddress is 0.0.0.0:2181 (org.apache.zookeeper.server.quorum.QuorumPeerConfig)
[2022-09-07 11:26:44,906] INFO secureClientPort is not set (org.apache.zookeeper.server.quorum.QuorumPeerConfig)
[2022-09-07 11:26:44,906] INFO Starting server (org.apache.zookeeper.server.ZooKeeperServerMain)
[2022-09-07 11:26:44,911] INFO zookeeper.snapshot.trust.empty : false (org.apache.zookeeper.server.persistence.FileTxnSnapLog)
[2022-09-07 11:26:44,943] INFO Server environment:zookeeper.version=3.5.9-83df9301aa5c2a5d284a9940177808c01bc35cef, built on 01/06/2021 20:03 GMT (org.apache.zookeeper.server.ZooKeeperServer)
[2022-09-07 11:26:44,943] INFO Server environment:host.name=3c22fb4cc2d9.attlocal.net (org.apache.zookeeper.server.ZooKeeperServer)
[2022-09-07 11:26:44,943] INFO Server environment:java.version=11.0.14 (org.apache.zookeeper.server.ZooKeeperServer)
[2022-09-07 11:26:44,943] INFO Server environment:java.vendor=Amazon.com Inc. (org.apache.zookeeper.server.ZooKeeperServer)
[2022-09-07 11:26:44,943] INFO Server environment:java.home=/Library/Java/JavaVirtualMachines/amazon-corretto-11.jdk/Contents/Home (org.apache.zookeeper.server.ZooKeeperServer)
[2022-09-07 11:26:44,943] INFO Server environment:java.class.path=/Users/ssorren/workplace/kafka/bin/../libs/activation-1.1.1.jar:/Users/ssorren/workplace/kafka/bin/../libs/aopalliance-repackaged-2.6.1.jar:/Users/ssorren/workplace/kafka/bin/../libs/argparse4j-0.7.0.jar:/Users/ssorren/workplace/kafka/bin/../libs/audience-annotations-0.5.0.jar:/Users/ssorren/workplace/kafka/bin/../libs/commons-cli-1.4.jar:/Users/ssorren/workplace/kafka/bin/../libs/commons-lang3-3.8.1.jar:/Users/ssorren/workplace/kafka/bin/../libs/connect-api-2.6.3.jar:/Users/ssorren/workplace/kafka/bin/../libs/connect-basic-auth-extension-2.6.3.jar:/Users/ssorren/workplace/kafka/bin/../libs/connect-file-2.6.3.jar:/Users/ssorren/workplace/kafka/bin/../libs/connect-json-2.6.3.jar:/Users/ssorren/workplace/kafka/bin/../libs/connect-mirror-2.6.3.jar:/Users/ssorren/workplace/kafka/bin/../libs/connect-mirror-client-2.6.3.jar:/Users/ssorren/workplace/kafka/bin/../libs/connect-runtime-2.6.3.jar:/Users/ssorren/workplace/kafka/bin/../libs/connect-transforms-2.6.3.jar:/Users/ssorren/workplace/kafka/bin/../libs/hk2-api-2.6.1.jar:/Users/ssorren/workplace/kafka/bin/../libs/hk2-locator-2.6.1.jar:/Users/ssorren/workplace/kafka/bin/../libs/hk2-utils-2.6.1.jar:/Users/ssorren/workplace/kafka/bin/../libs/jackson-annotations-2.10.5.jar:/Users/ssorren/workplace/kafka/bin/../libs/jackson-core-2.10.5.jar:/Users/ssorren/workplace/kafka/bin/../libs/jackson-databind-2.10.5.1.jar:/Users/ssorren/workplace/kafka/bin/../libs/jackson-dataformat-csv-2.10.5.jar:/Users/ssorren/workplace/kafka/bin/../libs/jackson-datatype-jdk8-2.10.5.jar:/Users/ssorren/workplace/kafka/bin/../libs/jackson-jaxrs-base-2.10.5.jar:/Users/ssorren/workplace/kafka/bin/../libs/jackson-jaxrs-json-provider-2.10.5.jar:/Users/ssorren/workplace/kafka/bin/../libs/jackson-module-jaxb-annotations-2.10.5.jar:/Users/ssorren/workplace/kafka/bin/../libs/jackson-module-paranamer-2.10.5.jar:/Users/ssorren/workplace/kafka/bin/../libs/jackson-module-scala_2.12-2.10.5.jar:/Users/ssorren/workplace/kafka/bin/../libs/jakarta.activation-api-1.2.1.jar:/Users/ssorren/workplace/kafka/bin/../libs/jakarta.annotation-api-1.3.5.jar:/Users/ssorren/workplace/kafka/bin/../libs/jakarta.inject-2.6.1.jar:/Users/ssorren/workplace/kafka/bin/../libs/jakarta.validation-api-2.0.2.jar:/Users/ssorren/workplace/kafka/bin/../libs/jakarta.ws.rs-api-2.1.6.jar:/Users/ssorren/workplace/kafka/bin/../libs/jakarta.xml.bind-api-2.3.2.jar:/Users/ssorren/workplace/kafka/bin/../libs/javassist-3.25.0-GA.jar:/Users/ssorren/workplace/kafka/bin/../libs/javassist-3.26.0-GA.jar:/Users/ssorren/workplace/kafka/bin/../libs/javax.servlet-api-3.1.0.jar:/Users/ssorren/workplace/kafka/bin/../libs/javax.ws.rs-api-2.1.1.jar:/Users/ssorren/workplace/kafka/bin/../libs/jaxb-api-2.3.0.jar:/Users/ssorren/workplace/kafka/bin/../libs/jersey-client-2.31.jar:/Users/ssorren/workplace/kafka/bin/../libs/jersey-common-2.31.jar:/Users/ssorren/workplace/kafka/bin/../libs/jersey-container-servlet-2.31.jar:/Users/ssorren/workplace/kafka/bin/../libs/jersey-container-servlet-core-2.31.jar:/Users/ssorren/workplace/kafka/bin/../libs/jersey-hk2-2.31.jar:/Users/ssorren/workplace/kafka/bin/../libs/jersey-media-jaxb-2.31.jar:/Users/ssorren/workplace/kafka/bin/../libs/jersey-server-2.31.jar:/Users/ssorren/workplace/kafka/bin/../libs/jetty-client-9.4.39.v20210325.jar:/Users/ssorren/workplace/kafka/bin/../libs/jetty-continuation-9.4.39.v20210325.jar:/Users/ssorren/workplace/kafka/bin/../libs/jetty-http-9.4.39.v20210325.jar:/Users/ssorren/workplace/kafka/bin/../libs/jetty-io-9.4.39.v20210325.jar:/Users/ssorren/workplace/kafka/bin/../libs/jetty-security-9.4.39.v20210325.jar:/Users/ssorren/workplace/kafka/bin/../libs/jetty-server-9.4.39.v20210325.jar:/Users/ssorren/workplace/kafka/bin/../libs/jetty-servlet-9.4.39.v20210325.jar:/Users/ssorren/workplace/kafka/bin/../libs/jetty-servlets-9.4.39.v20210325.jar:/Users/ssorren/workplace/kafka/bin/../libs/jetty-util-9.4.39.v20210325.jar:/Users/ssorren/workplace/kafka/bin/../libs/jetty-util-ajax-9.4.39.v20210325.jar:/Users/ssorren/workplace/kafka/bin/../libs/jopt-simple-5.0.4.jar:/Users/ssorren/workplace/kafka/bin/../libs/kafka-clients-2.6.3.jar:/Users/ssorren/workplace/kafka/bin/../libs/kafka-log4j-appender-2.6.3.jar:/Users/ssorren/workplace/kafka/bin/../libs/kafka-streams-2.6.3.jar:/Users/ssorren/workplace/kafka/bin/../libs/kafka-streams-examples-2.6.3.jar:/Users/ssorren/workplace/kafka/bin/../libs/kafka-streams-scala_2.12-2.6.3.jar:/Users/ssorren/workplace/kafka/bin/../libs/kafka-streams-test-utils-2.6.3.jar:/Users/ssorren/workplace/kafka/bin/../libs/kafka-tools-2.6.3.jar:/Users/ssorren/workplace/kafka/bin/../libs/kafka_2.12-2.6.3-sources.jar:/Users/ssorren/workplace/kafka/bin/../libs/kafka_2.12-2.6.3.jar:/Users/ssorren/workplace/kafka/bin/../libs/log4j-1.2.17.jar:/Users/ssorren/workplace/kafka/bin/../libs/lz4-java-1.7.1.jar:/Users/ssorren/workplace/kafka/bin/../libs/maven-artifact-3.8.1.jar:/Users/ssorren/workplace/kafka/bin/../libs/metrics-core-2.2.0.jar:/Users/ssorren/workplace/kafka/bin/../libs/netty-buffer-4.1.59.Final.jar:/Users/ssorren/workplace/kafka/bin/../libs/netty-codec-4.1.59.Final.jar:/Users/ssorren/workplace/kafka/bin/../libs/netty-common-4.1.59.Final.jar:/Users/ssorren/workplace/kafka/bin/../libs/netty-handler-4.1.59.Final.jar:/Users/ssorren/workplace/kafka/bin/../libs/netty-resolver-4.1.59.Final.jar:/Users/ssorren/workplace/kafka/bin/../libs/netty-transport-4.1.59.Final.jar:/Users/ssorren/workplace/kafka/bin/../libs/netty-transport-native-epoll-4.1.59.Final.jar:/Users/ssorren/workplace/kafka/bin/../libs/netty-transport-native-unix-common-4.1.59.Final.jar:/Users/ssorren/workplace/kafka/bin/../libs/osgi-resource-locator-1.0.3.jar:/Users/ssorren/workplace/kafka/bin/../libs/paranamer-2.8.jar:/Users/ssorren/workplace/kafka/bin/../libs/plexus-utils-3.2.1.jar:/Users/ssorren/workplace/kafka/bin/../libs/reflections-0.9.12.jar:/Users/ssorren/workplace/kafka/bin/../libs/rocksdbjni-5.18.4.jar:/Users/ssorren/workplace/kafka/bin/../libs/scala-collection-compat_2.12-2.1.6.jar:/Users/ssorren/workplace/kafka/bin/../libs/scala-java8-compat_2.12-0.9.1.jar:/Users/ssorren/workplace/kafka/bin/../libs/scala-library-2.12.11.jar:/Users/ssorren/workplace/kafka/bin/../libs/scala-logging_2.12-3.9.2.jar:/Users/ssorren/workplace/kafka/bin/../libs/scala-reflect-2.12.11.jar:/Users/ssorren/workplace/kafka/bin/../libs/slf4j-api-1.7.30.jar:/Users/ssorren/workplace/kafka/bin/../libs/slf4j-log4j12-1.7.30.jar:/Users/ssorren/workplace/kafka/bin/../libs/snappy-java-1.1.7.3.jar:/Users/ssorren/workplace/kafka/bin/../libs/zookeeper-3.5.9.jar:/Users/ssorren/workplace/kafka/bin/../libs/zookeeper-jute-3.5.9.jar:/Users/ssorren/workplace/kafka/bin/../libs/zstd-jni-1.4.4-7.jar (org.apache.zookeeper.server.ZooKeeperServer)
[2022-09-07 11:26:44,945] INFO Server environment:java.library.path=/Users/ssorren/Library/Java/Extensions:/Library/Java/Extensions:/Network/Library/Java/Extensions:/System/Library/Java/Extensions:/usr/lib/java:. (org.apache.zookeeper.server.ZooKeeperServer)
[2022-09-07 11:26:44,945] INFO Server environment:java.io.tmpdir=/var/folders/5w/9hp6683x413d53_djrpfy31rqj62rr/T/ (org.apache.zookeeper.server.ZooKeeperServer)
[2022-09-07 11:26:44,945] INFO Server environment:java.compiler=<NA> (org.apache.zookeeper.server.ZooKeeperServer)
[2022-09-07 11:26:44,945] INFO Server environment:os.name=Mac OS X (org.apache.zookeeper.server.ZooKeeperServer)
[2022-09-07 11:26:44,946] INFO Server environment:os.arch=x86_64 (org.apache.zookeeper.server.ZooKeeperServer)
[2022-09-07 11:26:44,946] INFO Server environment:os.version=12.5.1 (org.apache.zookeeper.server.ZooKeeperServer)
[2022-09-07 11:26:44,946] INFO Server environment:user.name=ssorren (org.apache.zookeeper.server.ZooKeeperServer)
[2022-09-07 11:26:44,946] INFO Server environment:user.home=/Users/ssorren (org.apache.zookeeper.server.ZooKeeperServer)
[2022-09-07 11:26:44,946] INFO Server environment:user.dir=/Volumes/workplace/go-kafka-event-source/streams/kafka_local (org.apache.zookeeper.server.ZooKeeperServer)
[2022-09-07 11:26:44,946] INFO Server environment:os.memory.free=494MB (org.apache.zookeeper.server.ZooKeeperServer)
[2022-09-07 11:26:44,946] INFO Server environment:os.memory.max=512MB (org.apache.zookeeper.server.ZooKeeperServer)
[2022-09-07 11:26:44,946] INFO Server environment:os.memory.total=512MB (org.apache.zookeeper.server.ZooKeeperServer)
[2022-09-07 11:26:44,948] INFO minSessionTimeout set to 6000 (org.apache.zookeeper.server.ZooKeeperServer)
[2022-09-07 11:26:44,948] INFO maxSessionTimeout set to 60000 (org.apache.zookeeper.server.ZooKeeperServer)
[2022-09-07 11:26:44,949] INFO Created server with tickTime 3000 minSessionTimeout 6000 maxSessionTimeout 60000 datadir ./data/zookeeper/version-2 snapdir ./data/zookeeper/version-2 (org.apache.zookeeper.server.ZooKeeperServer)
[2022-09-07 11:26:44,963] INFO Using org.apache.zookeeper.server.NIOServerCnxnFactory as server connection factory (org.apache.zookeeper.server.ServerCnxnFactory)
[2022-09-07 11:26:44,966] INFO Configuring NIO connection handler with 10s sessionless connection timeout, 2 selector thread(s), 24 worker threads, and 64 kB direct buffers. (org.apache.zookeeper.server.NIOServerCnxnFactory)
[2022-09-07 11:26:44,978] INFO binding to port 0.0.0.0/0.0.0.0:2181 (org.apache.zookeeper.server.NIOServerCnxnFactory)
[2022-09-07 11:26:44,980] ERROR Unexpected exception, exiting abnormally (org.apache.zookeeper.server.ZooKeeperServerMain)
java.net.BindException: Address already in use
	at java.base/sun.nio.ch.Net.bind0(Native Method)
	at java.base/sun.nio.ch.Net.bind(Net.java:459)
	at java.base/sun.nio.ch.Net.bind(Net.java:448)
	at java.base/sun.nio.ch.ServerSocketChannelImpl.bind(ServerSocketChannelImpl.java:227)
	at java.base/sun.nio.ch.ServerSocketAdaptor.bind(ServerSocketAdaptor.java:80)
	at java.base/sun.nio.ch.ServerSocketAdaptor.bind(ServerSocketAdaptor.java:73)
	at org.apache.zookeeper.server.NIOServerCnxnFactory.configure(NIOServerCnxnFactory.java:687)
	at org.apache.zookeeper.server.ZooKeeperServerMain.runFromConfig(ZooKeeperServerMain.java:144)
	at org.apache.zookeeper.server.ZooKeeperServerMain.initializeAndRun(ZooKeeperServerMain.java:107)
	at org.apache.zookeeper.server.ZooKeeperServerMain.main(ZooKeeperServerMain.java:65)
	at org.apache.zookeeper.server.quorum.QuorumPeerMain.initializeAndRun(QuorumPeerMain.java:128)
	at org.apache.zookeeper.server.quorum.QuorumPeerMain.main(QuorumPeerMain.java:82)
